<?xml version="1.0" encoding="UTF-8"?>
<!-- Generated by org.testng.reporters.JUnitXMLReporter -->
<testsuite hostname="hp-PC" ignored="0" name="Default test" tests="4" failures="0" timestamp="19 Oct 2020 10:00:45 GMT" time="0.315" errors="0">
  <testcase name="testcase2" time="0.016" classname="Driven.driven"/>
  <testcase name="testcase2" time="0.005" classname="Driven.driven"/>
  <testcase name="testcase2" time="0.003" classname="Driven.driven"/>
  <testcase name="testcase2" time="0.003" classname="Driven.driven"/>
</testsuite> <!-- Default test -->
