<?xml version="1.0" encoding="UTF-8"?>
<!-- Generated by org.testng.reporters.JUnitXMLReporter -->
<testsuite hostname="hp-PC" ignored="0" name="Test" tests="14" failures="0" timestamp="19 Oct 2020 10:10:44 GMT" time="0.505" errors="0">
  <testcase name="Testcase1" time="0.019" classname="Driven.Grouping"/>
  <testcase name="Testcase2" time="0.008" classname="Driven.Grouping"/>
  <testcase name="Testcase3" time="0.003" classname="Driven.Grouping"/>
  <testcase name="Testcase4" time="0.002" classname="Driven.Grouping"/>
  <testcase name="Testcase5" time="0.002" classname="Driven.Grouping"/>
  <testcase name="Testcase6" time="0.002" classname="Driven.Grouping"/>
  <testcase name="Testcase7" time="0.002" classname="Driven.Grouping"/>
  <testcase name="Testcase8" time="0.003" classname="Driven.Grouping"/>
  <testcase name="Testcase9" time="0.002" classname="Driven.Grouping"/>
  <testcase name="testcase2" time="0.005" classname="Driven.driven"/>
  <testcase name="testcase2" time="0.002" classname="Driven.driven"/>
  <testcase name="testcase2" time="0.002" classname="Driven.driven"/>
  <testcase name="testcase2" time="0.005" classname="Driven.driven"/>
  <testcase name="login" time="0.0" classname="Driven.FbloginwithDataprovider">
    <skipped/>
  </testcase> <!-- login -->
</testsuite> <!-- Test -->
